2024.11.05 11:03:18 INFO  Started: Metals version 1.2.2+47-4903c4f2-SNAPSHOT in folders 'C:\Users\usuario\Desktop\Devs\Programacion U\Funcional y Concurrente\proyecto\Proyecto_FPFC_simulador_de_polarizacion_en_redes' for client Visual Studio Code 1.95.1.
SLF4J: Class path contains multiple SLF4J providers.
SLF4J: Found provider [scribe.slf4j.ScribeServiceProvider@474183fb]
SLF4J: Found provider [ch.qos.logback.classic.spi.LogbackServiceProvider@1b471b7c]
SLF4J: See https://www.slf4j.org/codes.html#multiple_bindings for an explanation.
SLF4J: Actual provider is of type [scribe.slf4j.ScribeServiceProvider@474183fb]
2024.11.05 11:03:18 WARN  Flyway upgrade recommended: H2 2.2.224 is newer than this version of Flyway and support has not been tested. The latest supported version of H2 is 2.2.220.
2024.11.05 11:03:20 WARN  Build server is not auto-connectable.
2024.11.05 11:03:35 INFO  no build target found for C:\Users\usuario\Desktop\Devs\Programacion U\Funcional y Concurrente\proyecto\Proyecto_FPFC_simulador_de_polarizacion_en_redes\Proyecto - FPFC\src\main\scala\Comete\package.scala. Using presentation compiler with project's scala-library version: 3.3.2
2024.11.05 11:03:38 INFO  time: code lens generation in 18s
2024.11.05 11:05:09 WARN  no build target for: C:\Users\usuario\Desktop\Devs\Programacion U\Funcional y Concurrente\proyecto\Proyecto_FPFC_simulador_de_polarizacion_en_redes\Proyecto - FPFC\src\main\scala\Comete\package.scala
Nov 05, 2024 11:05:11 AM org.eclipse.lsp4j.jsonrpc.RemoteEndpoint handleCancellation
WARNING: Unmatched cancel notification for request id 29
2024.11.05 11:05:17 WARN  no build target for: C:\Users\usuario\Desktop\Devs\Programacion U\Funcional y Concurrente\proyecto\Proyecto_FPFC_simulador_de_polarizacion_en_redes\Proyecto - FPFC\src\main\scala\Comete\package.scala
2024.11.05 11:05:25 WARN  no build target for: C:\Users\usuario\Desktop\Devs\Programacion U\Funcional y Concurrente\proyecto\Proyecto_FPFC_simulador_de_polarizacion_en_redes\Proyecto - FPFC\src\main\scala\Comete\package.scala
2024.11.05 11:05:27 WARN  no build target for: C:\Users\usuario\Desktop\Devs\Programacion U\Funcional y Concurrente\proyecto\Proyecto_FPFC_simulador_de_polarizacion_en_redes\Proyecto - FPFC\src\main\scala\Comete\package.scala
2024.11.05 11:05:28 WARN  no build target for: C:\Users\usuario\Desktop\Devs\Programacion U\Funcional y Concurrente\proyecto\Proyecto_FPFC_simulador_de_polarizacion_en_redes\Proyecto - FPFC\src\main\scala\Comete\package.scala
2024.11.05 11:05:30 WARN  no build target for: C:\Users\usuario\Desktop\Devs\Programacion U\Funcional y Concurrente\proyecto\Proyecto_FPFC_simulador_de_polarizacion_en_redes\Proyecto - FPFC\src\main\scala\Comete\package.scala
2024.11.05 11:05:35 WARN  no build target for: C:\Users\usuario\Desktop\Devs\Programacion U\Funcional y Concurrente\proyecto\Proyecto_FPFC_simulador_de_polarizacion_en_redes\Proyecto - FPFC\src\main\scala\Comete\package.scala
2024.11.05 11:05:39 WARN  no build target for: C:\Users\usuario\Desktop\Devs\Programacion U\Funcional y Concurrente\proyecto\Proyecto_FPFC_simulador_de_polarizacion_en_redes\Proyecto - FPFC\src\main\scala\Comete\package.scala
Nov 05, 2024 11:07:40 AM org.eclipse.lsp4j.jsonrpc.RemoteEndpoint handleCancellation
WARNING: Unmatched cancel notification for request id 228
2024.11.05 11:07:41 WARN  no build target for: C:\Users\usuario\Desktop\Devs\Programacion U\Funcional y Concurrente\proyecto\Proyecto_FPFC_simulador_de_polarizacion_en_redes\Proyecto - FPFC\src\main\scala\Comete\package.scala
2024.11.05 11:07:46 WARN  no build target for: C:\Users\usuario\Desktop\Devs\Programacion U\Funcional y Concurrente\proyecto\Proyecto_FPFC_simulador_de_polarizacion_en_redes\Proyecto - FPFC\src\main\scala\Comete\package.scala
2024.11.05 11:08:22 WARN  no build target for: C:\Users\usuario\Desktop\Devs\Programacion U\Funcional y Concurrente\proyecto\Proyecto_FPFC_simulador_de_polarizacion_en_redes\Proyecto - FPFC\src\main\scala\Comete\package.scala
Nov 05, 2024 11:08:24 AM org.eclipse.lsp4j.jsonrpc.RemoteEndpoint handleCancellation
WARNING: Unmatched cancel notification for request id 315
2024.11.05 11:08:29 WARN  no build target for: C:\Users\usuario\Desktop\Devs\Programacion U\Funcional y Concurrente\proyecto\Proyecto_FPFC_simulador_de_polarizacion_en_redes\Proyecto - FPFC\src\main\scala\Comete\package.scala
Nov 05, 2024 11:08:31 AM org.eclipse.lsp4j.jsonrpc.RemoteEndpoint handleCancellation
WARNING: Unmatched cancel notification for request id 396
Nov 05, 2024 11:08:34 AM org.eclipse.lsp4j.jsonrpc.RemoteEndpoint handleCancellation
WARNING: Unmatched cancel notification for request id 426
2024.11.05 11:08:37 WARN  no build target for: C:\Users\usuario\Desktop\Devs\Programacion U\Funcional y Concurrente\proyecto\Proyecto_FPFC_simulador_de_polarizacion_en_redes\Proyecto - FPFC\src\main\scala\Comete\package.scala
2024.11.05 11:08:38 WARN  no build target for: C:\Users\usuario\Desktop\Devs\Programacion U\Funcional y Concurrente\proyecto\Proyecto_FPFC_simulador_de_polarizacion_en_redes\Proyecto - FPFC\src\main\scala\Comete\package.scala
2024.11.05 11:08:40 WARN  no build target for: C:\Users\usuario\Desktop\Devs\Programacion U\Funcional y Concurrente\proyecto\Proyecto_FPFC_simulador_de_polarizacion_en_redes\Proyecto - FPFC\src\main\scala\Comete\package.scala
Nov 05, 2024 11:08:44 AM org.eclipse.lsp4j.jsonrpc.RemoteEndpoint handleCancellation
WARNING: Unmatched cancel notification for request id 467
2024.11.05 11:08:45 WARN  no build target for: C:\Users\usuario\Desktop\Devs\Programacion U\Funcional y Concurrente\proyecto\Proyecto_FPFC_simulador_de_polarizacion_en_redes\Proyecto - FPFC\src\main\scala\Comete\package.scala
2024.11.05 11:08:46 WARN  no build target for: C:\Users\usuario\Desktop\Devs\Programacion U\Funcional y Concurrente\proyecto\Proyecto_FPFC_simulador_de_polarizacion_en_redes\Proyecto - FPFC\src\main\scala\Comete\package.scala
Nov 05, 2024 11:08:55 AM org.eclipse.lsp4j.jsonrpc.RemoteEndpoint handleCancellation
WARNING: Unmatched cancel notification for request id 522
Nov 05, 2024 11:08:56 AM org.eclipse.lsp4j.jsonrpc.RemoteEndpoint handleCancellation
WARNING: Unmatched cancel notification for request id 529
2024.11.05 11:08:57 WARN  no build target for: C:\Users\usuario\Desktop\Devs\Programacion U\Funcional y Concurrente\proyecto\Proyecto_FPFC_simulador_de_polarizacion_en_redes\Proyecto - FPFC\src\main\scala\Comete\package.scala
Nov 05, 2024 11:08:59 AM org.eclipse.lsp4j.jsonrpc.RemoteEndpoint handleCancellation
WARNING: Unmatched cancel notification for request id 543
2024.11.05 11:09:01 WARN  no build target for: C:\Users\usuario\Desktop\Devs\Programacion U\Funcional y Concurrente\proyecto\Proyecto_FPFC_simulador_de_polarizacion_en_redes\Proyecto - FPFC\src\main\scala\Comete\package.scala
2024.11.05 11:09:08 WARN  no build target for: C:\Users\usuario\Desktop\Devs\Programacion U\Funcional y Concurrente\proyecto\Proyecto_FPFC_simulador_de_polarizacion_en_redes\Proyecto - FPFC\src\main\scala\Comete\package.scala
2024.11.05 11:09:10 WARN  no build target for: C:\Users\usuario\Desktop\Devs\Programacion U\Funcional y Concurrente\proyecto\Proyecto_FPFC_simulador_de_polarizacion_en_redes\Proyecto - FPFC\src\main\scala\Comete\package.scala
2024.11.05 11:09:18 WARN  no build target for: C:\Users\usuario\Desktop\Devs\Programacion U\Funcional y Concurrente\proyecto\Proyecto_FPFC_simulador_de_polarizacion_en_redes\Proyecto - FPFC\src\main\scala\Comete\package.scala
2024.11.05 11:10:53 WARN  no build target for: C:\Users\usuario\Desktop\Devs\Programacion U\Funcional y Concurrente\proyecto\Proyecto_FPFC_simulador_de_polarizacion_en_redes\Proyecto - FPFC\src\main\scala\Comete\package.scala
2024.11.05 11:10:57 WARN  no build target for: C:\Users\usuario\Desktop\Devs\Programacion U\Funcional y Concurrente\proyecto\Proyecto_FPFC_simulador_de_polarizacion_en_redes\Proyecto - FPFC\src\main\scala\Comete\package.scala
Nov 05, 2024 11:11:02 AM org.eclipse.lsp4j.jsonrpc.RemoteEndpoint handleCancellation
WARNING: Unmatched cancel notification for request id 653
2024.11.05 11:11:03 WARN  no build target for: C:\Users\usuario\Desktop\Devs\Programacion U\Funcional y Concurrente\proyecto\Proyecto_FPFC_simulador_de_polarizacion_en_redes\Proyecto - FPFC\src\main\scala\Comete\package.scala
Nov 05, 2024 11:11:08 AM org.eclipse.lsp4j.jsonrpc.RemoteEndpoint handleCancellation
WARNING: Unmatched cancel notification for request id 666
2024.11.05 11:11:16 WARN  no build target for: C:\Users\usuario\Desktop\Devs\Programacion U\Funcional y Concurrente\proyecto\Proyecto_FPFC_simulador_de_polarizacion_en_redes\Proyecto - FPFC\src\main\scala\Comete\package.scala
2024.11.05 11:11:23 WARN  no build target for: C:\Users\usuario\Desktop\Devs\Programacion U\Funcional y Concurrente\proyecto\Proyecto_FPFC_simulador_de_polarizacion_en_redes\Proyecto - FPFC\src\main\scala\Comete\package.scala
2024.11.05 11:11:27 WARN  no build target for: C:\Users\usuario\Desktop\Devs\Programacion U\Funcional y Concurrente\proyecto\Proyecto_FPFC_simulador_de_polarizacion_en_redes\Proyecto - FPFC\src\main\scala\Comete\package.scala
Nov 05, 2024 11:11:31 AM org.eclipse.lsp4j.jsonrpc.RemoteEndpoint handleCancellation
WARNING: Unmatched cancel notification for request id 785
2024.11.05 11:11:34 WARN  no build target for: C:\Users\usuario\Desktop\Devs\Programacion U\Funcional y Concurrente\proyecto\Proyecto_FPFC_simulador_de_polarizacion_en_redes\Proyecto - FPFC\src\main\scala\Comete\package.scala
2024.11.05 11:11:46 WARN  no build target for: C:\Users\usuario\Desktop\Devs\Programacion U\Funcional y Concurrente\proyecto\Proyecto_FPFC_simulador_de_polarizacion_en_redes\Proyecto - FPFC\src\main\scala\Comete\package.scala
Nov 05, 2024 11:11:48 AM org.eclipse.lsp4j.jsonrpc.RemoteEndpoint handleCancellation
WARNING: Unmatched cancel notification for request id 851
Nov 05, 2024 11:11:48 AM org.eclipse.lsp4j.jsonrpc.RemoteEndpoint handleCancellation
WARNING: Unmatched cancel notification for request id 853
Nov 05, 2024 11:11:48 AM org.eclipse.lsp4j.jsonrpc.RemoteEndpoint handleCancellation
WARNING: Unmatched cancel notification for request id 856
Nov 05, 2024 11:11:48 AM org.eclipse.lsp4j.jsonrpc.RemoteEndpoint handleCancellation
WARNING: Unmatched cancel notification for request id 857
2024.11.05 11:11:49 WARN  no build target for: C:\Users\usuario\Desktop\Devs\Programacion U\Funcional y Concurrente\proyecto\Proyecto_FPFC_simulador_de_polarizacion_en_redes\Proyecto - FPFC\src\main\scala\Comete\package.scala
2024.11.05 11:40:33 WARN  no build target for: C:\Users\usuario\Desktop\Devs\Programacion U\Funcional y Concurrente\proyecto\Proyecto_FPFC_simulador_de_polarizacion_en_redes\Proyecto - FPFC\src\main\scala\Comete\package.scala
2024.11.05 11:40:45 WARN  no build target for: C:\Users\usuario\Desktop\Devs\Programacion U\Funcional y Concurrente\proyecto\Proyecto_FPFC_simulador_de_polarizacion_en_redes\Proyecto - FPFC\src\main\scala\Comete\package.scala
2024.11.05 11:40:52 WARN  no build target for: C:\Users\usuario\Desktop\Devs\Programacion U\Funcional y Concurrente\proyecto\Proyecto_FPFC_simulador_de_polarizacion_en_redes\Proyecto - FPFC\src\main\scala\Comete\package.scala
Nov 05, 2024 11:40:57 AM org.eclipse.lsp4j.jsonrpc.RemoteEndpoint handleCancellation
WARNING: Unmatched cancel notification for request id 1023
2024.11.05 11:41:01 WARN  no build target for: C:\Users\usuario\Desktop\Devs\Programacion U\Funcional y Concurrente\proyecto\Proyecto_FPFC_simulador_de_polarizacion_en_redes\Proyecto - FPFC\src\main\scala\Comete\package.scala
2024.11.05 11:41:05 WARN  no build target for: C:\Users\usuario\Desktop\Devs\Programacion U\Funcional y Concurrente\proyecto\Proyecto_FPFC_simulador_de_polarizacion_en_redes\Proyecto - FPFC\src\main\scala\Comete\package.scala
2024.11.05 11:41:15 WARN  no build target for: C:\Users\usuario\Desktop\Devs\Programacion U\Funcional y Concurrente\proyecto\Proyecto_FPFC_simulador_de_polarizacion_en_redes\Proyecto - FPFC\src\main\scala\Comete\package.scala
2024.11.05 11:41:33 WARN  no build target for: C:\Users\usuario\Desktop\Devs\Programacion U\Funcional y Concurrente\proyecto\Proyecto_FPFC_simulador_de_polarizacion_en_redes\Proyecto - FPFC\src\main\scala\Comete\package.scala
2024.11.05 11:44:03 WARN  no build target for: C:\Users\usuario\Desktop\Devs\Programacion U\Funcional y Concurrente\proyecto\Proyecto_FPFC_simulador_de_polarizacion_en_redes\Proyecto - FPFC\src\main\scala\Comete\package.scala
Nov 05, 2024 11:46:16 AM org.eclipse.lsp4j.jsonrpc.RemoteEndpoint handleCancellation
WARNING: Unmatched cancel notification for request id 1300
2024.11.05 11:46:19 WARN  no build target for: C:\Users\usuario\Desktop\Devs\Programacion U\Funcional y Concurrente\proyecto\Proyecto_FPFC_simulador_de_polarizacion_en_redes\Proyecto - FPFC\src\main\scala\Comete\package.scala
2024.11.05 11:46:23 WARN  no build target for: C:\Users\usuario\Desktop\Devs\Programacion U\Funcional y Concurrente\proyecto\Proyecto_FPFC_simulador_de_polarizacion_en_redes\Proyecto - FPFC\src\main\scala\Comete\package.scala
2024.11.05 11:47:47 WARN  no build target for: C:\Users\usuario\Desktop\Devs\Programacion U\Funcional y Concurrente\proyecto\Proyecto_FPFC_simulador_de_polarizacion_en_redes\Proyecto - FPFC\src\main\scala\Comete\package.scala
2024.11.05 11:47:50 WARN  no build target for: C:\Users\usuario\Desktop\Devs\Programacion U\Funcional y Concurrente\proyecto\Proyecto_FPFC_simulador_de_polarizacion_en_redes\Proyecto - FPFC\src\main\scala\Comete\package.scala
2024.11.05 11:47:53 WARN  no build target for: C:\Users\usuario\Desktop\Devs\Programacion U\Funcional y Concurrente\proyecto\Proyecto_FPFC_simulador_de_polarizacion_en_redes\Proyecto - FPFC\src\main\scala\Comete\package.scala
2024.11.05 11:47:57 WARN  no build target for: C:\Users\usuario\Desktop\Devs\Programacion U\Funcional y Concurrente\proyecto\Proyecto_FPFC_simulador_de_polarizacion_en_redes\Proyecto - FPFC\src\main\scala\Comete\package.scala
Nov 05, 2024 11:49:19 AM org.eclipse.lsp4j.jsonrpc.RemoteEndpoint handleCancellation
WARNING: Unmatched cancel notification for request id 1507
2024.11.05 11:49:20 WARN  no build target for: C:\Users\usuario\Desktop\Devs\Programacion U\Funcional y Concurrente\proyecto\Proyecto_FPFC_simulador_de_polarizacion_en_redes\Proyecto - FPFC\src\main\scala\Comete\package.scala
2024.11.05 11:49:27 WARN  no build target for: C:\Users\usuario\Desktop\Devs\Programacion U\Funcional y Concurrente\proyecto\Proyecto_FPFC_simulador_de_polarizacion_en_redes\Proyecto - FPFC\src\main\scala\Comete\package.scala
2024.11.05 11:49:29 WARN  no build target for: C:\Users\usuario\Desktop\Devs\Programacion U\Funcional y Concurrente\proyecto\Proyecto_FPFC_simulador_de_polarizacion_en_redes\Proyecto - FPFC\src\main\scala\Comete\package.scala
2024.11.05 11:49:38 WARN  no build target for: C:\Users\usuario\Desktop\Devs\Programacion U\Funcional y Concurrente\proyecto\Proyecto_FPFC_simulador_de_polarizacion_en_redes\Proyecto - FPFC\src\main\scala\Comete\package.scala
Nov 05, 2024 11:49:46 AM org.eclipse.lsp4j.jsonrpc.RemoteEndpoint handleCancellation
WARNING: Unmatched cancel notification for request id 1687
2024.11.05 11:49:47 WARN  no build target for: C:\Users\usuario\Desktop\Devs\Programacion U\Funcional y Concurrente\proyecto\Proyecto_FPFC_simulador_de_polarizacion_en_redes\Proyecto - FPFC\src\main\scala\Comete\package.scala
Nov 05, 2024 11:49:48 AM org.eclipse.lsp4j.jsonrpc.RemoteEndpoint handleCancellation
WARNING: Unmatched cancel notification for request id 1722
2024.11.05 11:49:49 WARN  no build target for: C:\Users\usuario\Desktop\Devs\Programacion U\Funcional y Concurrente\proyecto\Proyecto_FPFC_simulador_de_polarizacion_en_redes\Proyecto - FPFC\src\main\scala\Comete\package.scala
2024.11.05 11:49:53 WARN  no build target for: C:\Users\usuario\Desktop\Devs\Programacion U\Funcional y Concurrente\proyecto\Proyecto_FPFC_simulador_de_polarizacion_en_redes\Proyecto - FPFC\src\main\scala\Comete\package.scala
Nov 05, 2024 11:49:59 AM org.eclipse.lsp4j.jsonrpc.RemoteEndpoint handleCancellation
WARNING: Unmatched cancel notification for request id 1835
2024.11.05 11:50:00 WARN  no build target for: C:\Users\usuario\Desktop\Devs\Programacion U\Funcional y Concurrente\proyecto\Proyecto_FPFC_simulador_de_polarizacion_en_redes\Proyecto - FPFC\src\main\scala\Comete\package.scala
2024.11.05 11:56:24 WARN  no build target for: C:\Users\usuario\Desktop\Devs\Programacion U\Funcional y Concurrente\proyecto\Proyecto_FPFC_simulador_de_polarizacion_en_redes\Proyecto - FPFC\src\main\scala\Comete\package.scala
2024.11.05 11:56:28 WARN  no build target for: C:\Users\usuario\Desktop\Devs\Programacion U\Funcional y Concurrente\proyecto\Proyecto_FPFC_simulador_de_polarizacion_en_redes\Proyecto - FPFC\src\main\scala\Comete\package.scala
2024.11.05 11:56:34 WARN  no build target for: C:\Users\usuario\Desktop\Devs\Programacion U\Funcional y Concurrente\proyecto\Proyecto_FPFC_simulador_de_polarizacion_en_redes\Proyecto - FPFC\src\main\scala\Comete\package.scala
2024.11.05 11:56:37 WARN  no build target for: C:\Users\usuario\Desktop\Devs\Programacion U\Funcional y Concurrente\proyecto\Proyecto_FPFC_simulador_de_polarizacion_en_redes\Proyecto - FPFC\src\main\scala\Comete\package.scala
2024.11.05 11:56:39 WARN  no build target for: C:\Users\usuario\Desktop\Devs\Programacion U\Funcional y Concurrente\proyecto\Proyecto_FPFC_simulador_de_polarizacion_en_redes\Proyecto - FPFC\src\main\scala\Comete\package.scala
2024.11.05 11:56:46 WARN  no build target for: C:\Users\usuario\Desktop\Devs\Programacion U\Funcional y Concurrente\proyecto\Proyecto_FPFC_simulador_de_polarizacion_en_redes\Proyecto - FPFC\src\main\scala\Comete\package.scala
2024.11.05 11:56:47 WARN  no build target for: C:\Users\usuario\Desktop\Devs\Programacion U\Funcional y Concurrente\proyecto\Proyecto_FPFC_simulador_de_polarizacion_en_redes\Proyecto - FPFC\src\main\scala\Comete\package.scala
2024.11.05 11:56:50 WARN  no build target for: C:\Users\usuario\Desktop\Devs\Programacion U\Funcional y Concurrente\proyecto\Proyecto_FPFC_simulador_de_polarizacion_en_redes\Proyecto - FPFC\src\main\scala\Comete\package.scala
2024.11.05 11:57:04 WARN  no build target for: C:\Users\usuario\Desktop\Devs\Programacion U\Funcional y Concurrente\proyecto\Proyecto_FPFC_simulador_de_polarizacion_en_redes\Proyecto - FPFC\src\main\scala\Comete\package.scala
2024.11.05 11:57:10 WARN  no build target for: C:\Users\usuario\Desktop\Devs\Programacion U\Funcional y Concurrente\proyecto\Proyecto_FPFC_simulador_de_polarizacion_en_redes\Proyecto - FPFC\src\main\scala\Comete\package.scala
2024.11.05 11:57:13 WARN  no build target for: C:\Users\usuario\Desktop\Devs\Programacion U\Funcional y Concurrente\proyecto\Proyecto_FPFC_simulador_de_polarizacion_en_redes\Proyecto - FPFC\src\main\scala\Comete\package.scala
2024.11.05 11:57:25 WARN  no build target for: C:\Users\usuario\Desktop\Devs\Programacion U\Funcional y Concurrente\proyecto\Proyecto_FPFC_simulador_de_polarizacion_en_redes\Proyecto - FPFC\src\main\scala\Comete\package.scala
2024.11.05 11:57:30 WARN  no build target for: C:\Users\usuario\Desktop\Devs\Programacion U\Funcional y Concurrente\proyecto\Proyecto_FPFC_simulador_de_polarizacion_en_redes\Proyecto - FPFC\src\main\scala\Comete\package.scala
2024.11.05 11:57:34 WARN  no build target for: C:\Users\usuario\Desktop\Devs\Programacion U\Funcional y Concurrente\proyecto\Proyecto_FPFC_simulador_de_polarizacion_en_redes\Proyecto - FPFC\src\main\scala\Comete\package.scala
2024.11.05 11:57:52 WARN  no build target for: C:\Users\usuario\Desktop\Devs\Programacion U\Funcional y Concurrente\proyecto\Proyecto_FPFC_simulador_de_polarizacion_en_redes\Proyecto - FPFC\src\main\scala\Comete\package.scala
2024.11.05 12:00:57 WARN  no build target for: C:\Users\usuario\Desktop\Devs\Programacion U\Funcional y Concurrente\proyecto\Proyecto_FPFC_simulador_de_polarizacion_en_redes\Proyecto - FPFC\src\main\scala\Comete\package.scala
2024.11.05 12:00:59 WARN  no build target for: C:\Users\usuario\Desktop\Devs\Programacion U\Funcional y Concurrente\proyecto\Proyecto_FPFC_simulador_de_polarizacion_en_redes\Proyecto - FPFC\src\main\scala\Comete\package.scala
2024.11.05 12:01:03 WARN  no build target for: C:\Users\usuario\Desktop\Devs\Programacion U\Funcional y Concurrente\proyecto\Proyecto_FPFC_simulador_de_polarizacion_en_redes\Proyecto - FPFC\src\main\scala\Comete\package.scala
2024.11.05 12:04:07 WARN  no build target for: C:\Users\usuario\Desktop\Devs\Programacion U\Funcional y Concurrente\proyecto\Proyecto_FPFC_simulador_de_polarizacion_en_redes\Proyecto - FPFC\src\main\scala\Comete\package.scala
2024.11.05 12:04:10 WARN  no build target for: C:\Users\usuario\Desktop\Devs\Programacion U\Funcional y Concurrente\proyecto\Proyecto_FPFC_simulador_de_polarizacion_en_redes\Proyecto - FPFC\src\main\scala\Comete\package.scala
2024.11.05 12:04:14 WARN  no build target for: C:\Users\usuario\Desktop\Devs\Programacion U\Funcional y Concurrente\proyecto\Proyecto_FPFC_simulador_de_polarizacion_en_redes\Proyecto - FPFC\src\main\scala\Comete\package.scala
2024.11.05 12:04:22 WARN  no build target for: C:\Users\usuario\Desktop\Devs\Programacion U\Funcional y Concurrente\proyecto\Proyecto_FPFC_simulador_de_polarizacion_en_redes\Proyecto - FPFC\src\main\scala\Comete\package.scala
2024.11.05 12:04:24 WARN  no build target for: C:\Users\usuario\Desktop\Devs\Programacion U\Funcional y Concurrente\proyecto\Proyecto_FPFC_simulador_de_polarizacion_en_redes\Proyecto - FPFC\src\main\scala\Comete\package.scala
2024.11.05 12:04:27 WARN  no build target for: C:\Users\usuario\Desktop\Devs\Programacion U\Funcional y Concurrente\proyecto\Proyecto_FPFC_simulador_de_polarizacion_en_redes\Proyecto - FPFC\src\main\scala\Comete\package.scala
2024.11.05 12:04:29 WARN  no build target for: C:\Users\usuario\Desktop\Devs\Programacion U\Funcional y Concurrente\proyecto\Proyecto_FPFC_simulador_de_polarizacion_en_redes\Proyecto - FPFC\src\main\scala\Comete\package.scala
2024.11.05 12:04:31 WARN  no build target for: C:\Users\usuario\Desktop\Devs\Programacion U\Funcional y Concurrente\proyecto\Proyecto_FPFC_simulador_de_polarizacion_en_redes\Proyecto - FPFC\src\main\scala\Comete\package.scala
2024.11.05 12:04:32 WARN  no build target for: C:\Users\usuario\Desktop\Devs\Programacion U\Funcional y Concurrente\proyecto\Proyecto_FPFC_simulador_de_polarizacion_en_redes\Proyecto - FPFC\src\main\scala\Comete\package.scala
2024.11.05 12:07:22 WARN  no build target for: C:\Users\usuario\Desktop\Devs\Programacion U\Funcional y Concurrente\proyecto\Proyecto_FPFC_simulador_de_polarizacion_en_redes\Proyecto - FPFC\src\main\scala\Comete\package.scala
2024.11.05 12:08:52 WARN  no build target for: C:\Users\usuario\Desktop\Devs\Programacion U\Funcional y Concurrente\proyecto\Proyecto_FPFC_simulador_de_polarizacion_en_redes\Proyecto - FPFC\src\main\scala\Comete\package.scala
2024.11.05 12:09:10 WARN  no build target for: C:\Users\usuario\Desktop\Devs\Programacion U\Funcional y Concurrente\proyecto\Proyecto_FPFC_simulador_de_polarizacion_en_redes\Proyecto - FPFC\src\main\scala\Comete\package.scala
2024.11.05 12:09:12 WARN  no build target for: C:\Users\usuario\Desktop\Devs\Programacion U\Funcional y Concurrente\proyecto\Proyecto_FPFC_simulador_de_polarizacion_en_redes\Proyecto - FPFC\src\main\scala\Comete\package.scala
2024.11.05 12:09:22 WARN  no build target for: C:\Users\usuario\Desktop\Devs\Programacion U\Funcional y Concurrente\proyecto\Proyecto_FPFC_simulador_de_polarizacion_en_redes\Proyecto - FPFC\src\main\scala\Comete\package.scala
2024.11.05 12:09:24 WARN  no build target for: C:\Users\usuario\Desktop\Devs\Programacion U\Funcional y Concurrente\proyecto\Proyecto_FPFC_simulador_de_polarizacion_en_redes\Proyecto - FPFC\src\main\scala\Comete\package.scala
2024.11.05 12:09:27 WARN  no build target for: C:\Users\usuario\Desktop\Devs\Programacion U\Funcional y Concurrente\proyecto\Proyecto_FPFC_simulador_de_polarizacion_en_redes\Proyecto - FPFC\src\main\scala\Comete\package.scala
2024.11.05 12:09:29 WARN  no build target for: C:\Users\usuario\Desktop\Devs\Programacion U\Funcional y Concurrente\proyecto\Proyecto_FPFC_simulador_de_polarizacion_en_redes\Proyecto - FPFC\src\main\scala\Comete\package.scala
2024.11.05 12:09:29 INFO  time: code lens generation in 1.3s
2024.11.05 12:09:33 WARN  no build target for: C:\Users\usuario\Desktop\Devs\Programacion U\Funcional y Concurrente\proyecto\Proyecto_FPFC_simulador_de_polarizacion_en_redes\Proyecto - FPFC\src\main\scala\Comete\package.scala
2024.11.05 12:09:36 WARN  no build target for: C:\Users\usuario\Desktop\Devs\Programacion U\Funcional y Concurrente\proyecto\Proyecto_FPFC_simulador_de_polarizacion_en_redes\Proyecto - FPFC\src\main\scala\Comete\package.scala
2024.11.05 12:09:39 WARN  no build target for: C:\Users\usuario\Desktop\Devs\Programacion U\Funcional y Concurrente\proyecto\Proyecto_FPFC_simulador_de_polarizacion_en_redes\Proyecto - FPFC\src\main\scala\Comete\package.scala
2024.11.05 12:09:40 WARN  no build target for: C:\Users\usuario\Desktop\Devs\Programacion U\Funcional y Concurrente\proyecto\Proyecto_FPFC_simulador_de_polarizacion_en_redes\Proyecto - FPFC\src\main\scala\Comete\package.scala
2024.11.05 12:10:01 WARN  no build target for: C:\Users\usuario\Desktop\Devs\Programacion U\Funcional y Concurrente\proyecto\Proyecto_FPFC_simulador_de_polarizacion_en_redes\Proyecto - FPFC\src\main\scala\Comete\package.scala
2024.11.05 12:10:05 WARN  no build target for: C:\Users\usuario\Desktop\Devs\Programacion U\Funcional y Concurrente\proyecto\Proyecto_FPFC_simulador_de_polarizacion_en_redes\Proyecto - FPFC\src\main\scala\Comete\package.scala
2024.11.05 12:10:06 WARN  no build target for: C:\Users\usuario\Desktop\Devs\Programacion U\Funcional y Concurrente\proyecto\Proyecto_FPFC_simulador_de_polarizacion_en_redes\Proyecto - FPFC\src\main\scala\Comete\package.scala
2024.11.05 12:10:09 WARN  no build target for: C:\Users\usuario\Desktop\Devs\Programacion U\Funcional y Concurrente\proyecto\Proyecto_FPFC_simulador_de_polarizacion_en_redes\Proyecto - FPFC\src\main\scala\Comete\package.scala
2024.11.05 12:10:12 WARN  no build target for: C:\Users\usuario\Desktop\Devs\Programacion U\Funcional y Concurrente\proyecto\Proyecto_FPFC_simulador_de_polarizacion_en_redes\Proyecto - FPFC\src\main\scala\Comete\package.scala
2024.11.05 12:10:20 WARN  no build target for: C:\Users\usuario\Desktop\Devs\Programacion U\Funcional y Concurrente\proyecto\Proyecto_FPFC_simulador_de_polarizacion_en_redes\Proyecto - FPFC\src\main\scala\Comete\package.scala
2024.11.05 12:10:24 WARN  no build target for: C:\Users\usuario\Desktop\Devs\Programacion U\Funcional y Concurrente\proyecto\Proyecto_FPFC_simulador_de_polarizacion_en_redes\Proyecto - FPFC\src\main\scala\Comete\package.scala
2024.11.05 12:10:27 WARN  no build target for: C:\Users\usuario\Desktop\Devs\Programacion U\Funcional y Concurrente\proyecto\Proyecto_FPFC_simulador_de_polarizacion_en_redes\Proyecto - FPFC\src\main\scala\Comete\package.scala
2024.11.05 12:10:29 WARN  no build target for: C:\Users\usuario\Desktop\Devs\Programacion U\Funcional y Concurrente\proyecto\Proyecto_FPFC_simulador_de_polarizacion_en_redes\Proyecto - FPFC\src\main\scala\Comete\package.scala
2024.11.05 12:10:47 WARN  no build target for: C:\Users\usuario\Desktop\Devs\Programacion U\Funcional y Concurrente\proyecto\Proyecto_FPFC_simulador_de_polarizacion_en_redes\Proyecto - FPFC\src\main\scala\Comete\package.scala
2024.11.05 12:10:48 WARN  no build target for: C:\Users\usuario\Desktop\Devs\Programacion U\Funcional y Concurrente\proyecto\Proyecto_FPFC_simulador_de_polarizacion_en_redes\Proyecto - FPFC\src\main\scala\Comete\package.scala
2024.11.05 12:10:51 WARN  no build target for: C:\Users\usuario\Desktop\Devs\Programacion U\Funcional y Concurrente\proyecto\Proyecto_FPFC_simulador_de_polarizacion_en_redes\Proyecto - FPFC\src\main\scala\Comete\package.scala
2024.11.05 12:11:13 WARN  no build target for: C:\Users\usuario\Desktop\Devs\Programacion U\Funcional y Concurrente\proyecto\Proyecto_FPFC_simulador_de_polarizacion_en_redes\Proyecto - FPFC\src\main\scala\Comete\package.scala
2024.11.05 12:11:15 WARN  no build target for: C:\Users\usuario\Desktop\Devs\Programacion U\Funcional y Concurrente\proyecto\Proyecto_FPFC_simulador_de_polarizacion_en_redes\Proyecto - FPFC\src\main\scala\Comete\package.scala
Nov 05, 2024 12:11:16 PM org.eclipse.lsp4j.jsonrpc.RemoteEndpoint handleCancellation
WARNING: Unmatched cancel notification for request id 3127
2024.11.05 12:11:17 WARN  no build target for: C:\Users\usuario\Desktop\Devs\Programacion U\Funcional y Concurrente\proyecto\Proyecto_FPFC_simulador_de_polarizacion_en_redes\Proyecto - FPFC\src\main\scala\Comete\package.scala
2024.11.05 12:11:19 WARN  no build target for: C:\Users\usuario\Desktop\Devs\Programacion U\Funcional y Concurrente\proyecto\Proyecto_FPFC_simulador_de_polarizacion_en_redes\Proyecto - FPFC\src\main\scala\Comete\package.scala
2024.11.05 12:11:22 WARN  no build target for: C:\Users\usuario\Desktop\Devs\Programacion U\Funcional y Concurrente\proyecto\Proyecto_FPFC_simulador_de_polarizacion_en_redes\Proyecto - FPFC\src\main\scala\Comete\package.scala
2024.11.05 12:11:24 WARN  no build target for: C:\Users\usuario\Desktop\Devs\Programacion U\Funcional y Concurrente\proyecto\Proyecto_FPFC_simulador_de_polarizacion_en_redes\Proyecto - FPFC\src\main\scala\Comete\package.scala
2024.11.05 12:11:26 WARN  no build target for: C:\Users\usuario\Desktop\Devs\Programacion U\Funcional y Concurrente\proyecto\Proyecto_FPFC_simulador_de_polarizacion_en_redes\Proyecto - FPFC\src\main\scala\Comete\package.scala
2024.11.05 12:11:28 WARN  no build target for: C:\Users\usuario\Desktop\Devs\Programacion U\Funcional y Concurrente\proyecto\Proyecto_FPFC_simulador_de_polarizacion_en_redes\Proyecto - FPFC\src\main\scala\Comete\package.scala
2024.11.05 12:11:30 WARN  no build target for: C:\Users\usuario\Desktop\Devs\Programacion U\Funcional y Concurrente\proyecto\Proyecto_FPFC_simulador_de_polarizacion_en_redes\Proyecto - FPFC\src\main\scala\Comete\package.scala
2024.11.05 12:11:35 WARN  no build target for: C:\Users\usuario\Desktop\Devs\Programacion U\Funcional y Concurrente\proyecto\Proyecto_FPFC_simulador_de_polarizacion_en_redes\Proyecto - FPFC\src\main\scala\Comete\package.scala
2024.11.05 12:18:50 INFO  Shutting down server
2024.11.05 12:18:50 INFO  shutting down Metals
2024.11.05 12:18:50 INFO  Exiting server
2024.11.05 12:19:25 INFO  Started: Metals version 1.2.2+47-4903c4f2-SNAPSHOT in folders 'C:\Users\usuario\Desktop\Devs\Programacion U\Funcional y Concurrente\proyecto\Proyecto_FPFC_simulador_de_polarizacion_en_redes' for client Visual Studio Code 1.95.1.
SLF4J: Class path contains multiple SLF4J providers.
SLF4J: Found provider [scribe.slf4j.ScribeServiceProvider@7584af38]
SLF4J: Found provider [ch.qos.logback.classic.spi.LogbackServiceProvider@3f20a77f]
SLF4J: See https://www.slf4j.org/codes.html#multiple_bindings for an explanation.
SLF4J: Actual provider is of type [scribe.slf4j.ScribeServiceProvider@7584af38]
2024.11.05 12:19:27 WARN  Flyway upgrade recommended: H2 2.2.224 is newer than this version of Flyway and support has not been tested. The latest supported version of H2 is 2.2.220.
2024.11.05 12:19:28 WARN  Build server is not auto-connectable.
2024.11.05 12:19:37 INFO  no build target found for C:\Users\usuario\Desktop\Devs\Programacion U\Funcional y Concurrente\proyecto\Proyecto_FPFC_simulador_de_polarizacion_en_redes\Proyecto - FPFC\src\main\scala\Comete\package.scala. Using presentation compiler with project's scala-library version: 3.3.2
2024.11.05 12:19:41 INFO  time: code lens generation in 12s
